[debug] [2024-05-11T10:53:17.888Z] ----------------------------------------------------------------------
[debug] [2024-05-11T10:53:17.890Z] Command:       C:\Program Files\nodejs\node.exe C:\Users\PC\AppData\Roaming\npm\node_modules\firebase-tools\lib\bin\firebase.js init
[debug] [2024-05-11T10:53:17.890Z] CLI Version:   13.8.0
[debug] [2024-05-11T10:53:17.891Z] Platform:      win32
[debug] [2024-05-11T10:53:17.891Z] Node Version:  v20.11.1
[debug] [2024-05-11T10:53:17.891Z] Time:          Sat May 11 2024 13:53:17 GMT+0300 (Eastern European Summer Time)
[debug] [2024-05-11T10:53:17.891Z] ----------------------------------------------------------------------
[debug] 
[debug] [2024-05-11T10:53:17.893Z] >>> [apiv2][query] GET https://firebase-public.firebaseio.com/cli.json [none]
[debug] [2024-05-11T10:53:17.931Z] > command requires scopes: ["email","openid","https://www.googleapis.com/auth/cloudplatformprojects.readonly","https://www.googleapis.com/auth/firebase","https://www.googleapis.com/auth/cloud-platform"]
[debug] [2024-05-11T10:53:17.932Z] > authorizing via signed-in user (yousefalaa202@gmail.com)
[info] 
     ######## #### ########  ######## ########     ###     ######  ########
     ##        ##  ##     ## ##       ##     ##  ##   ##  ##       ##
     ######    ##  ########  ######   ########  #########  ######  ######
     ##        ##  ##    ##  ##       ##     ## ##     ##       ## ##
     ##       #### ##     ## ######## ########  ##     ##  ######  ########

You're about to initialize a Firebase project in this directory:

  D:\coding\projects\react-projects\expense-tracking

[debug] [2024-05-11T10:53:18.339Z] <<< [apiv2][status] GET https://firebase-public.firebaseio.com/cli.json 200
[debug] [2024-05-11T10:53:18.339Z] <<< [apiv2][body] GET https://firebase-public.firebaseio.com/cli.json {"cloudBuildErrorAfter":1594252800000,"cloudBuildWarnAfter":1590019200000,"defaultNode10After":1594252800000,"minVersion":"3.0.5","node8DeploysDisabledAfter":1613390400000,"node8RuntimeDisabledAfter":1615809600000,"node8WarnAfter":1600128000000}
